# JRE version: Java(TM) SE Runtime Environment (17.0.3.1+2) (build 17.0.3.1+2-LTS-6)
# Java VM: Java HotSpot(TM) 64-Bit Server VM (17.0.3.1+2-LTS-6, mixed mode, sharing, tiered, compressed oops, compressed class ptrs, g1 gc, windows-amd64)
GC Precious Log:
 CPUs: 6 total, 6 available
 Memory: 16285M
 Large Page Support: Disabled
 NUMA Support: Disabled
 Compressed Oops: Enabled (Zero based)
 Heap Region Size: 2M
 Heap Min Capacity: 8M
 Heap Initial Capacity: 256M
 Heap Max Capacity: 4072M
 Pre-touch: Disabled
 Parallel Workers: 6
 Concurrent Workers: 2
 Concurrent Refinement Workers: 6
 Periodic GC: Disabled
Heap:
 garbage-first heap   total 118784K, used 38928K [0x0000000701800000, 0x0000000800000000)
  region size 2048K, 6 young (12288K), 2 survivors (4096K)
 Metaspace       used 27654K, committed 27968K, reserved 1081344K
  class space    used 3076K, committed 3264K, reserved 1048576K
GC Heap History (14 events):
Event: 0.468 GC heap before
{Heap before GC invocations=0 (full 0):
 garbage-first heap   total 262144K, used 20480K [0x0000000701800000, 0x0000000800000000)
  region size 2048K, 10 young (20480K), 0 survivors (0K)
 Metaspace       used 5623K, committed 5760K, reserved 1056768K
  class space    used 644K, committed 704K, reserved 1048576K
}
Event: 0.470 GC heap after
{Heap after GC invocations=1 (full 0):
 garbage-first heap   total 262144K, used 3878K [0x0000000701800000, 0x0000000800000000)
  region size 2048K, 2 young (4096K), 2 survivors (4096K)
 Metaspace       used 5623K, committed 5760K, reserved 1056768K
  class space    used 644K, committed 704K, reserved 1048576K
}
Event: 0.733 GC heap before
{Heap before GC invocations=1 (full 0):
 garbage-first heap   total 262144K, used 28454K [0x0000000701800000, 0x0000000800000000)
  region size 2048K, 14 young (28672K), 2 survivors (4096K)
 Metaspace       used 8833K, committed 9024K, reserved 1064960K
  class space    used 1047K, committed 1152K, reserved 1048576K
}
Event: 0.736 GC heap after
{Heap after GC invocations=2 (full 0):
 garbage-first heap   total 262144K, used 5141K [0x0000000701800000, 0x0000000800000000)
  region size 2048K, 1 young (2048K), 1 survivors (2048K)
 Metaspace       used 8833K, committed 9024K, reserved 1064960K
  class space    used 1047K, committed 1152K, reserved 1048576K
}
Event: 1.998 GC heap before
{Heap before GC invocations=2 (full 0):
 garbage-first heap   total 262144K, used 111637K [0x0000000701800000, 0x0000000800000000)
  region size 2048K, 52 young (106496K), 1 survivors (2048K)
 Metaspace       used 21266K, committed 21504K, reserved 1073152K
  class space    used 2489K, committed 2624K, reserved 1048576K
}
Event: 2.003 GC heap after
{Heap after GC invocations=3 (full 0):
 garbage-first heap   total 262144K, used 18654K [0x0000000701800000, 0x0000000800000000)
  region size 2048K, 6 young (12288K), 6 survivors (12288K)
 Metaspace       used 21266K, committed 21504K, reserved 1073152K
  class space    used 2489K, committed 2624K, reserved 1048576K
}
Event: 2.309 GC heap before
{Heap before GC invocations=4 (full 0):
 garbage-first heap   total 75776K, used 51422K [0x0000000701800000, 0x0000000800000000)
  region size 2048K, 22 young (45056K), 6 survivors (12288K)
 Metaspace       used 23525K, committed 23808K, reserved 1073152K
  class space    used 2687K, committed 2816K, reserved 1048576K
}
Event: 2.319 GC heap after
{Heap after GC invocations=5 (full 0):
 garbage-first heap   total 75776K, used 23601K [0x0000000701800000, 0x0000000800000000)
  region size 2048K, 3 young (6144K), 3 survivors (6144K)
 Metaspace       used 23525K, committed 23808K, reserved 1073152K
  class space    used 2687K, committed 2816K, reserved 1048576K
}
Event: 2.359 GC heap before
{Heap before GC invocations=5 (full 0):
 garbage-first heap   total 75776K, used 25649K [0x0000000701800000, 0x0000000800000000)
  region size 2048K, 4 young (8192K), 3 survivors (6144K)
 Metaspace       used 24067K, committed 24320K, reserved 1073152K
  class space    used 2758K, committed 2880K, reserved 1048576K
}
Event: 2.364 GC heap after
{Heap after GC invocations=6 (full 0):
 garbage-first heap   total 75776K, used 25728K [0x0000000701800000, 0x0000000800000000)
  region size 2048K, 1 young (2048K), 1 survivors (2048K)
 Metaspace       used 24067K, committed 24320K, reserved 1073152K
  class space    used 2758K, committed 2880K, reserved 1048576K
}
Event: 2.715 GC heap before
{Heap before GC invocations=6 (full 0):
 garbage-first heap   total 75776K, used 52352K [0x0000000701800000, 0x0000000800000000)
  region size 2048K, 14 young (28672K), 1 survivors (2048K)
 Metaspace       used 25814K, committed 26112K, reserved 1073152K
  class space    used 2921K, committed 3072K, reserved 1048576K
}
Event: 2.722 GC heap after
{Heap after GC invocations=7 (full 0):
 garbage-first heap   total 75776K, used 28156K [0x0000000701800000, 0x0000000800000000)
  region size 2048K, 2 young (4096K), 2 survivors (4096K)
 Metaspace       used 25814K, committed 26112K, reserved 1073152K
  class space    used 2921K, committed 3072K, reserved 1048576K
}
Event: 2.946 GC heap before
{Heap before GC invocations=7 (full 0):
 garbage-first heap   total 75776K, used 52732K [0x0000000701800000, 0x0000000800000000)
  region size 2048K, 14 young (28672K), 2 survivors (4096K)
 Metaspace       used 26950K, committed 27328K, reserved 1073152K
  class space    used 3067K, committed 3264K, reserved 1048576K
}
Event: 2.951 GC heap after
{Heap after GC invocations=8 (full 0):
 garbage-first heap   total 118784K, used 28890K [0x0000000701800000, 0x0000000800000000)
  region size 2048K, 1 young (2048K), 1 survivors (2048K)
 Metaspace       used 26950K, committed 27328K, reserved 1073152K
  class space    used 3067K, committed 3264K, reserved 1048576K
}

